Arguments: 
  /home/yojji/.nvm/versions/node/v9.8.0/bin/node /home/yojji/.nvm/versions/node/v9.8.0/bin/yarn install

PATH: 
  /home/yojji/.nvm/versions/node/v9.8.0/bin:/home/yojji/bin:/home/yojji/.local/bin:/home/yojji/bin:/home/yojji/.local/bin:/usr/local/sbin:/usr/local/bin:/usr/sbin:/usr/bin:/sbin:/bin:/usr/games:/usr/local/games:/snap/bin

Yarn version: 
  1.3.2

Node version: 
  9.8.0

Platform: 
  linux x64

npm manifest: 
  {
    "name": "zap_contracts",
    "version": "0.1",
    "description": "Orcales market contracts",
    "main": "truffle migrate",
    "directories": {
      "test": "test"
    },
    "scripts": {
      "compile": "./node_modules/.bin/truffle compile",
      "test": "./node_modules/.bin/truffle develop"
    },
    "repository": {
      "type": "git",
  github.com:zapproject/ZapContracts
      "url": "https://github.com/zapproject/ZapContracts"
    },
    "keywords": [
      "smart",
      "contracts"
    ],
    "author": "",
    "license": "ISC",
    "dependencies": {
      "truffle": "3.4.11",
      "chai": "4.1.2"
    }
  }

yarn manifest: 
  No manifest

Lockfile: 
  No lockfile

Trace: 
  SyntaxError: /home/yojji/projets/zap/FeedArbitration/ZapContracts/package.json: Unexpected token g in JSON at position 327
      at JSON.parse (<anonymous>)
      at /home/yojji/.nvm/versions/node/v9.8.0/lib/node_modules/yarn/lib/cli.js:770:59
      at Generator.next (<anonymous>)
      at step (/home/yojji/.nvm/versions/node/v9.8.0/lib/node_modules/yarn/lib/cli.js:92:30)
      at /home/yojji/.nvm/versions/node/v9.8.0/lib/node_modules/yarn/lib/cli.js:103:13
      at <anonymous>
